<?xml version="1.0"?><testsuites><testsuite errors="0" failures="0" name="Elixir.BuildpulseExampleTest" tests="2" time="0.0000"><properties><property name="date" value="2023-03-20T21:47:34.309125Z"/><property name="seed" value="288932"/></properties><testcase file="test/buildpulse_example_test.exs" classname="Elixir.BuildpulseExampleTest" name="test greets the world" time="0.0000"/><testcase file="test/buildpulse_example_test.exs" classname="Elixir.BuildpulseExampleTest" name="doctest BuildpulseExample.hello/0 (1)" time="0.0000"/></testsuite></testsuites>